<?xml version="1.0" encoding="UTF-8"?>
<testng-results ignored="0" total="1" passed="1" failed="0" skipped="0">
  <reporter-output>
  </reporter-output>
  <suite started-at="2020-06-22T15:50:03 IST" name="Suite" finished-at="2020-06-22T15:50:45 IST" duration-ms="42171">
    <groups>
    </groups>
    <test started-at="2020-06-22T15:50:03 IST" name="Complete test run" finished-at="2020-06-22T15:50:45 IST" duration-ms="42171">
      <class name="kibana.KibanaTest$CreatingLogs">
        <test-method is-config="true" signature="config()[pri:0, instance:kibana.KibanaTest$CreatingLogs@5e316c74]" started-at="2020-06-22T15:50:03 IST" name="config" finished-at="2020-06-22T15:50:03 IST" duration-ms="255" status="PASS">
          <reporter-output>
          </reporter-output>
        </test-method> <!-- config -->
        <test-method signature="kibanaScreenValidation(java.lang.String)[pri:0, instance:kibana.KibanaTest$CreatingLogs@5e316c74]" started-at="2020-06-22T15:50:03 IST" name="kibanaScreenValidation" finished-at="2020-06-22T15:50:44 IST" duration-ms="40580" status="PASS">
          <params>
            <param index="0">
              <value>
                <![CDATA[http://aded1d777f6844fc0b1c4a2bd2ca04ea-753478746.ap-south-1.elb.amazonaws.com/app/kibana#/home?_g=()]]>
              </value>
            </param>
          </params>
          <reporter-output>
          </reporter-output>
        </test-method> <!-- kibanaScreenValidation -->
        <test-method is-config="true" signature="tearDown()[pri:0, instance:kibana.KibanaTest$CreatingLogs@5e316c74]" started-at="2020-06-22T15:50:44 IST" name="tearDown" finished-at="2020-06-22T15:50:45 IST" duration-ms="1262" status="PASS">
          <reporter-output>
          </reporter-output>
        </test-method> <!-- tearDown -->
      </class> <!-- kibana.KibanaTest$CreatingLogs -->
    </test> <!-- Complete test run -->
  </suite> <!-- Suite -->
</testng-results>
